2026-03-05 21:09:06,180 | Orchestrator           | 🚀 系統啟動...
2026-03-05 21:10:20,063 | DataFetcherAgent       | ✅ 已連線 OpenD
2026-03-05 21:10:20,067 | ExecutionAgent         | ❌ 解鎖失敗
2026-03-05 21:10:20,071 | MonitorAgent           | ✅ MonitorAgent 就緒
2026-03-05 21:10:20,071 | Orchestrator           | ✅ 9-Agent 全部就位！
2026-03-05 21:10:20,071 | Orchestrator           | 
==================================================
HK.00700 訓練流水線
==================================================
2026-03-05 21:10:20,159 | DataFetcherAgent       | 📥 HK.00700 K線 247 條
2026-03-05 21:10:20,169 | FeatureEngineerAgent   | ✅ 特徵 20 個，188 筆
2026-03-05 21:10:20,169 | ModelEvaluatorAgent    | 建議模型：XGBoost
2026-03-05 21:10:29,479 | Orchestrator           | 🚀 系統啟動...
2026-03-05 21:10:29,482 | DataFetcherAgent       | ✅ 已連線 OpenD
2026-03-05 21:10:29,607 | ExecutionAgent         | ✅ 交易解鎖（SIMULATE）
2026-03-05 21:10:29,727 | MonitorAgent           | ✅ MonitorAgent 就緒
2026-03-05 21:10:29,727 | Orchestrator           | ✅ 9-Agent 全部就位！
2026-03-05 21:10:29,727 | Orchestrator           | 
==================================================
HK.00700 訓練流水線
==================================================
2026-03-05 21:10:29,855 | DataFetcherAgent       | 📥 HK.00700 K線 247 條
2026-03-05 21:10:29,861 | FeatureEngineerAgent   | ✅ 特徵 20 個，188 筆
2026-03-05 21:10:29,861 | ModelEvaluatorAgent    | 建議模型：XGBoost
2026-03-05 21:11:32,068 | Orchestrator           | 🚀 系統啟動...
2026-03-05 21:11:32,071 | DataFetcherAgent       | ✅ 已連線 OpenD
2026-03-05 21:11:32,194 | ExecutionAgent         | ✅ 交易解鎖（SIMULATE）
2026-03-05 21:11:32,316 | MonitorAgent           | ✅ MonitorAgent 就緒
2026-03-05 21:11:32,316 | Orchestrator           | ✅ 9-Agent 全部就位！
2026-03-05 21:11:32,316 | Orchestrator           | 
==================================================
HK.00700 訓練流水線
==================================================
2026-03-05 21:11:32,439 | DataFetcherAgent       | 📥 HK.00700 K線 247 條
2026-03-05 21:11:32,446 | FeatureEngineerAgent   | ✅ 特徵 19 個，188 筆
2026-03-05 21:11:32,446 | ModelEvaluatorAgent    | 建議模型：XGBoost
2026-03-05 21:12:03,012 | ModelTrainerAgent      | ✅ 訓練完成 | 準確率 42.11%
2026-03-05 21:12:03,012 | BacktesterAgent        | ▶ 回測中...
2026-03-05 21:12:08,067 | BacktesterAgent        | ✅ 回測: 回報 1.99% | 最大回撤 0.66%
2026-03-05 21:12:08,068 | Orchestrator           | 📈 HK.00700 回測結果: {'total_return': np.float64(0.01987), 'max_drawdown': np.float64(0.006613679309605907), 'final_equity': np.float64(101987.0)}
2026-03-05 21:12:08,068 | Orchestrator           | 
🟢 進入持續交易循環（SIMULATE 模式）...

2026-03-05 21:12:08,068 | Orchestrator           | 
🔄 === 第 1 輪 | 21:12:08 ===
2026-03-05 21:12:08,200 | DataFetcherAgent       | 📥 HK.00700 K線 100 條
2026-03-05 21:12:08,207 | FeatureEngineerAgent   | ✅ 特徵 19 個，41 筆
2026-03-05 21:12:08,259 | SignalGeneratorAgent   | 📡 BUY | 信心 84.83% | 價格 549.00
2026-03-05 21:12:08,260 | Orchestrator           | ⛔ 風控: InsufficientQty
2026-03-05 21:12:08,271 | MonitorAgent           | 📊 2倍做多TSLA ETF-Direxion | 數量:13.0 | 盈虧:-217.68
2026-03-05 21:12:08,271 | MonitorAgent           | 📊 福特汽车 | 數量:54.0 | 盈虧:7.3248
2026-03-05 21:12:08,271 | Orchestrator           | 💤 等待 300 秒... (哥哥大人說「停止」就會結束)

2026-03-05 21:17:16,488 | Orchestrator           | 
🔄 === 第 2 輪 | 21:17:16 ===
2026-03-05 21:17:16,613 | DataFetcherAgent       | 📥 HK.00700 K線 100 條
2026-03-05 21:17:16,620 | FeatureEngineerAgent   | ✅ 特徵 19 個，41 筆
2026-03-05 21:17:16,668 | SignalGeneratorAgent   | 📡 BUY | 信心 84.83% | 價格 549.00
2026-03-05 21:17:16,668 | Orchestrator           | ⛔ 風控: InsufficientQty
2026-03-05 21:17:16,822 | MonitorAgent           | 📊 2倍做多TSLA ETF-Direxion | 數量:13.0 | 盈虧:-217.615
2026-03-05 21:17:16,822 | MonitorAgent           | 📊 福特汽车 | 數量:54.0 | 盈虧:6.7794
2026-03-05 21:17:16,822 | Orchestrator           | 💤 等待 300 秒... (哥哥大人說「停止」就會結束)

2026-03-05 21:22:25,959 | Orchestrator           | 
🔄 === 第 3 輪 | 21:22:25 ===
2026-03-05 21:22:26,084 | DataFetcherAgent       | 📥 HK.00700 K線 100 條
2026-03-05 21:22:26,089 | FeatureEngineerAgent   | ✅ 特徵 19 個，41 筆
2026-03-05 21:22:26,140 | SignalGeneratorAgent   | 📡 BUY | 信心 84.83% | 價格 549.00
2026-03-05 21:22:26,140 | Orchestrator           | ⛔ 風控: InsufficientQty
2026-03-05 21:22:26,308 | MonitorAgent           | 📊 2倍做多TSLA ETF-Direxion | 數量:13.0 | 盈虧:-217.8061
2026-03-05 21:22:26,308 | MonitorAgent           | 📊 福特汽车 | 數量:54.0 | 盈虧:6.2394
2026-03-05 21:22:26,308 | Orchestrator           | 💤 等待 300 秒... (哥哥大人說「停止」就會結束)

2026-03-05 21:57:59,327 | Orchestrator           | 🚀 系統啟動...
2026-03-05 21:57:59,330 | DataFetcherAgent       | ✅ 已連線 OpenD
2026-03-05 21:57:59,453 | ExecutionAgent         | ✅ 交易解鎖（SIMULATE）
2026-03-05 21:57:59,577 | MonitorAgent           | ✅ MonitorAgent 就緒
2026-03-05 21:57:59,577 | Orchestrator           | ✅ 9-Agent 全部就位！
2026-03-05 21:57:59,577 | Orchestrator           | 
==================================================
US.TSLA 訓練流水線
==================================================
2026-03-05 21:57:59,579 | DataFetcherAgent       | ❌ K線失敗: 无权限获取US.TSLA的行情，请检查美国市场股票行情权限
2026-03-05 21:57:59,579 | Orchestrator           | 
==================================================
US.F 訓練流水線
==================================================
2026-03-05 21:57:59,581 | DataFetcherAgent       | ❌ K線失敗: 无权限获取US.F的行情，请检查美国市场股票行情权限
2026-03-05 21:57:59,581 | Orchestrator           | 
==================================================
US.NVDA 訓練流水線
==================================================
2026-03-05 21:57:59,582 | DataFetcherAgent       | ❌ K線失敗: 无权限获取US.NVDA的行情，请检查美国市场股票行情权限
2026-03-05 21:57:59,582 | Orchestrator           | 
🟢 進入持續交易循環（SIMULATE 模式）...

2026-03-05 21:57:59,582 | Orchestrator           | 
🔄 === 第 1 輪 | 21:57:59 ===
2026-03-05 21:57:59,584 | DataFetcherAgent       | ❌ K線失敗: 无权限获取US.TSLA的行情，请检查美国市场股票行情权限
2026-03-05 21:57:59,585 | DataFetcherAgent       | ❌ K線失敗: 无权限获取US.F的行情，请检查美国市场股票行情权限
2026-03-05 21:57:59,586 | DataFetcherAgent       | ❌ K線失敗: 无权限获取US.NVDA的行情，请检查美国市场股票行情权限
2026-03-05 21:57:59,713 | MonitorAgent           | 📊 2倍做多TSLA ETF-Direxion | 數量:13.0 | 盈虧:-218.59
2026-03-05 21:57:59,713 | MonitorAgent           | 📊 福特汽车 | 數量:54.0 | 盈虧:5.694
2026-03-05 21:57:59,713 | Orchestrator           | 💤 等待 300 秒... (哥哥大人說「停止」就會結束)

2026-03-05 21:59:12,756 | Orchestrator           | 🚀 系統啟動...
2026-03-05 21:59:12,758 | DataFetcherAgent       | ✅ 已連線 OpenD
2026-03-05 21:59:12,884 | ExecutionAgent         | ✅ 交易解鎖（SIMULATE）
2026-03-05 21:59:13,008 | MonitorAgent           | ✅ MonitorAgent 就緒
2026-03-05 21:59:13,008 | Orchestrator           | ✅ 9-Agent 全部就位！
2026-03-05 21:59:13,008 | Orchestrator           | 
==================================================
US.TSLA 訓練流水線
==================================================
2026-03-05 21:59:13,010 | DataFetcherAgent       | ❌ K線失敗: 无权限获取US.TSLA的行情，请检查美国市场股票行情权限
2026-03-05 21:59:13,010 | Orchestrator           | 
==================================================
US.F 訓練流水線
==================================================
2026-03-05 21:59:13,011 | DataFetcherAgent       | ❌ K線失敗: 无权限获取US.F的行情，请检查美国市场股票行情权限
2026-03-05 21:59:13,012 | Orchestrator           | 
==================================================
US.NVDA 訓練流水線
==================================================
2026-03-05 21:59:13,013 | DataFetcherAgent       | ❌ K線失敗: 无权限获取US.NVDA的行情，请检查美国市场股票行情权限
2026-03-05 21:59:13,013 | Orchestrator           | 
🟢 進入持續交易循環（SIMULATE 模式）...

2026-03-05 21:59:13,013 | Orchestrator           | 
🔄 === 第 1 輪 | 21:59:13 ===
2026-03-05 21:59:13,013 | DataFetcherAgent       | ❌ K線失敗: 无权限获取US.TSLA的行情，请检查美国市场股票行情权限
2026-03-05 21:59:13,015 | DataFetcherAgent       | ❌ K線失敗: 无权限获取US.F的行情，请检查美国市场股票行情权限
2026-03-05 21:59:13,016 | DataFetcherAgent       | ❌ K線失敗: 无权限获取US.NVDA的行情，请检查美国市场股票行情权限
2026-03-05 21:59:13,020 | MonitorAgent           | 📊 2倍做多TSLA ETF-Direxion | 數量:13.0 | 盈虧:-218.85
2026-03-05 21:59:13,020 | MonitorAgent           | 📊 福特汽车 | 數量:54.0 | 盈虧:5.4348
2026-03-05 21:59:13,020 | Orchestrator           | 💤 等待 300 秒... (哥哥大人說「停止」就會結束)

2026-03-05 22:04:22,640 | Orchestrator           | 
🔄 === 第 2 輪 | 22:04:22 ===
2026-03-05 22:04:22,642 | DataFetcherAgent       | ❌ K線失敗: 无权限获取US.TSLA的行情，请检查美国市场股票行情权限
2026-03-05 22:04:22,643 | DataFetcherAgent       | ❌ K線失敗: 无权限获取US.F的行情，请检查美国市场股票行情权限
2026-03-05 22:04:22,645 | DataFetcherAgent       | ❌ K線失敗: 无权限获取US.NVDA的行情，请检查美国市场股票行情权限
2026-03-05 22:04:22,768 | MonitorAgent           | 📊 2倍做多TSLA ETF-Direxion | 數量:13.0 | 盈虧:-218.8591
2026-03-05 22:04:22,768 | MonitorAgent           | 📊 福特汽车 | 數量:54.0 | 盈虧:4.5816
2026-03-05 22:04:22,768 | Orchestrator           | 💤 等待 300 秒... (哥哥大人說「停止」就會結束)

2026-03-05 22:09:32,722 | Orchestrator           | 
🔄 === 第 3 輪 | 22:09:32 ===
2026-03-05 22:09:32,724 | DataFetcherAgent       | ❌ K線失敗: 无权限获取US.TSLA的行情，请检查美国市场股票行情权限
2026-03-05 22:09:32,725 | DataFetcherAgent       | ❌ K線失敗: 无权限获取US.F的行情，请检查美国市场股票行情权限
2026-03-05 22:09:32,727 | DataFetcherAgent       | ❌ K線失敗: 无权限获取US.NVDA的行情，请检查美国市场股票行情权限
2026-03-05 22:09:32,846 | MonitorAgent           | 📊 2倍做多TSLA ETF-Direxion | 數量:13.0 | 盈虧:-219.11
2026-03-05 22:09:32,846 | MonitorAgent           | 📊 福特汽车 | 數量:54.0 | 盈虧:4.0686
2026-03-05 22:09:32,846 | Orchestrator           | 💤 等待 300 秒... (哥哥大人說「停止」就會結束)

2026-03-05 22:14:42,858 | Orchestrator           | 
🔄 === 第 4 輪 | 22:14:42 ===
2026-03-05 22:14:42,860 | DataFetcherAgent       | ❌ K線失敗: 无权限获取US.TSLA的行情，请检查美国市场股票行情权限
2026-03-05 22:14:42,862 | DataFetcherAgent       | ❌ K線失敗: 无权限获取US.F的行情，请检查美国市场股票行情权限
2026-03-05 22:14:42,863 | DataFetcherAgent       | ❌ K線失敗: 无权限获取US.NVDA的行情，请检查美国市场股票行情权限
2026-03-05 22:14:42,987 | MonitorAgent           | 📊 2倍做多TSLA ETF-Direxion | 數量:13.0 | 盈虧:-218.4704
2026-03-05 22:14:42,987 | MonitorAgent           | 📊 福特汽车 | 數量:54.0 | 盈虧:4.3548
2026-03-05 22:14:42,987 | Orchestrator           | 💤 等待 300 秒... (哥哥大人說「停止」就會結束)

2026-03-05 22:19:53,763 | Orchestrator           | 
🔄 === 第 5 輪 | 22:19:53 ===
2026-03-05 22:19:53,765 | DataFetcherAgent       | ❌ K線失敗: 无权限获取US.TSLA的行情，请检查美国市场股票行情权限
2026-03-05 22:19:53,767 | DataFetcherAgent       | ❌ K線失敗: 无权限获取US.F的行情，请检查美国市场股票行情权限
2026-03-05 22:19:53,768 | DataFetcherAgent       | ❌ K線失敗: 无权限获取US.NVDA的行情，请检查美国市场股票行情权限
2026-03-05 22:20:03,774 | Orchestrator           | 💤 等待 300 秒... (哥哥大人說「停止」就會結束)

2026-03-05 22:25:14,602 | Orchestrator           | 
🔄 === 第 6 輪 | 22:25:14 ===
2026-03-05 22:25:14,605 | DataFetcherAgent       | ❌ K線失敗: 无权限获取US.TSLA的行情，请检查美国市场股票行情权限
2026-03-05 22:25:14,608 | DataFetcherAgent       | ❌ K線失敗: 无权限获取US.F的行情，请检查美国市场股票行情权限
2026-03-05 22:25:14,609 | DataFetcherAgent       | ❌ K線失敗: 无权限获取US.NVDA的行情，请检查美国市场股票行情权限
2026-03-05 22:25:14,944 | MonitorAgent           | 📊 2倍做多TSLA ETF-Direxion | 數量:13.0 | 盈虧:-218.7161
2026-03-05 22:25:14,944 | MonitorAgent           | 📊 福特汽车 | 數量:54.0 | 盈虧:3.5502000000000002
2026-03-05 22:25:14,944 | Orchestrator           | 💤 等待 300 秒... (哥哥大人說「停止」就會結束)

